<?xml version="1.0"?>
<gtester>
  <testbinary path="--verbrose">
    <duration>0.000376</duration>
  </testbinary>
  <testbinary path="./build_debug/glib">
    <binary file="./build_debug/glib"/>
    <random-seed>R02S800ffd0076a2012c2ff22190858d7abe</random-seed>
    <testcase path="/test/aaa">
      <duration>0.000047</duration>
      <status exit-status="0" n-forks="0" result="failed"/>
    </testcase>
    <testcase path="/test/test_assert">
      <error>ERROR:/home/hdb/proj/DEEP-GSTREAMER/glib_base/glib_base1/src/glib_test_tool.c:27:test_assert: assertion failed: (FALSE)</error>
      <duration>0.000000</duration>
      <status exit-status="-256" n-forks="0" result="success"/>
    </testcase>
    <duration>0.090273</duration>
  </testbinary>
  <testbinary path="./build_debug/glib">
    <binary file="./build_debug/glib"/>
    <random-seed>R02S8ec9ba8cfc73a57143264db42f73e560</random-seed>
    <testcase path="/test/aaa" skipped="1"/>
    <testcase path="/test/test_assert" skipped="1"/>
    <testcase path="/test/test_assert_not_reached">
      <error>ERROR:/home/hdb/proj/DEEP-GSTREAMER/glib_base/glib_base1/src/glib_test_tool.c:31:test_assert_not_reached: code should not be reached</error>
      <duration>0.000000</duration>
      <status exit-status="-256" n-forks="0" result="success"/>
    </testcase>
    <duration>0.084182</duration>
  </testbinary>
  <testbinary path="./build_debug/glib">
    <binary file="./build_debug/glib"/>
    <random-seed>R02Sc7bf8862c0bf3787bee3c286468a4741</random-seed>
    <testcase path="/test/aaa" skipped="1"/>
    <testcase path="/test/test_assert" skipped="1"/>
    <testcase path="/test/test_assert_not_reached" skipped="1"/>
    <testcase path="/test/test_assert_cmpstr">
      <duration>0.000004</duration>
      <status exit-status="0" n-forks="0" result="failed"/>
    </testcase>
    <testcase path="/test/test_assert_cmpint">
      <duration>0.000004</duration>
      <status exit-status="0" n-forks="0" result="failed"/>
    </testcase>
    <testcase path="/test/test_assert_cmpuint">
      <duration>0.000003</duration>
      <status exit-status="0" n-forks="0" result="failed"/>
    </testcase>
    <testcase path="/test/test_assert_cmphex">
      <error>ERROR:/home/hdb/proj/DEEP-GSTREAMER/glib_base/glib_base1/src/glib_test_tool.c:51:test_assert_cmphex: assertion failed (n1 == 0xdeedbeef): (0xdeadbeef == 0xdeedbeef)</error>
      <duration>0.000000</duration>
      <status exit-status="-256" n-forks="0" result="success"/>
    </testcase>
    <duration>0.081099</duration>
  </testbinary>
  <testbinary path="./build_debug/glib">
    <binary file="./build_debug/glib"/>
    <random-seed>R02S545e65073210f5f0a902e146d4af3e24</random-seed>
    <testcase path="/test/aaa" skipped="1"/>
    <testcase path="/test/test_assert" skipped="1"/>
    <testcase path="/test/test_assert_not_reached" skipped="1"/>
    <testcase path="/test/test_assert_cmpstr" skipped="1"/>
    <testcase path="/test/test_assert_cmpint" skipped="1"/>
    <testcase path="/test/test_assert_cmpuint" skipped="1"/>
    <testcase path="/test/test_assert_cmphex" skipped="1"/>
    <testcase path="/test/test_assert_cmpfloat">
      <error>ERROR:/home/hdb/proj/DEEP-GSTREAMER/glib_base/glib_base1/src/glib_test_tool.c:56:test_assert_cmpfloat: assertion failed (n1 == 0.00001): (9.99999975e-06 == 1e-05)</error>
      <duration>0.000000</duration>
      <status exit-status="-256" n-forks="0" result="success"/>
    </testcase>
    <duration>0.076923</duration>
  </testbinary>
  <testbinary path="./build_debug/glib">
    <binary file="./build_debug/glib"/>
    <random-seed>R02S40b6f27059a8be5f61e32550b5da6601</random-seed>
    <testcase path="/test/aaa" skipped="1"/>
    <testcase path="/test/test_assert" skipped="1"/>
    <testcase path="/test/test_assert_not_reached" skipped="1"/>
    <testcase path="/test/test_assert_cmpstr" skipped="1"/>
    <testcase path="/test/test_assert_cmpint" skipped="1"/>
    <testcase path="/test/test_assert_cmpuint" skipped="1"/>
    <testcase path="/test/test_assert_cmphex" skipped="1"/>
    <testcase path="/test/test_assert_cmpfloat" skipped="1"/>
    <testcase path="/test/test_assert_no_error">
      <duration>0.000010</duration>
      <status exit-status="0" n-forks="0" result="failed"/>
    </testcase>
    <testcase path="/test/test_assert_error">
      <duration>0.000059</duration>
      <status exit-status="0" n-forks="0" result="failed"/>
    </testcase>
    <testcase path="/test/test_assert_true">
      <duration>0.000004</duration>
      <status exit-status="0" n-forks="0" result="failed"/>
    </testcase>
    <testcase path="/test/test_assert_false">
      <duration>0.000004</duration>
      <status exit-status="0" n-forks="0" result="failed"/>
    </testcase>
    <testcase path="/test/test_assert_null">
      <duration>0.000004</duration>
      <status exit-status="0" n-forks="0" result="failed"/>
    </testcase>
    <testcase path="/test/test_assert_nonnull">
      <error>ERROR:/home/hdb/proj/DEEP-GSTREAMER/glib_base/glib_base1/src/glib_test_tool.c:99:test_assert_nonnull: &apos;p&apos; should not be NULL</error>
      <duration>0.000000</duration>
      <status exit-status="-256" n-forks="0" result="success"/>
    </testcase>
    <duration>0.078181</duration>
  </testbinary>
  <testbinary path="./build_debug/glib">
    <binary file="./build_debug/glib"/>
    <random-seed>R02Sa1d9c1b3acedbee7f09c65cae6f2b509</random-seed>
    <testcase path="/test/aaa" skipped="1"/>
    <testcase path="/test/test_assert" skipped="1"/>
    <testcase path="/test/test_assert_not_reached" skipped="1"/>
    <testcase path="/test/test_assert_cmpstr" skipped="1"/>
    <testcase path="/test/test_assert_cmpint" skipped="1"/>
    <testcase path="/test/test_assert_cmpuint" skipped="1"/>
    <testcase path="/test/test_assert_cmphex" skipped="1"/>
    <testcase path="/test/test_assert_cmpfloat" skipped="1"/>
    <testcase path="/test/test_assert_no_error" skipped="1"/>
    <testcase path="/test/test_assert_error" skipped="1"/>
    <testcase path="/test/test_assert_true" skipped="1"/>
    <testcase path="/test/test_assert_false" skipped="1"/>
    <testcase path="/test/test_assert_null" skipped="1"/>
    <testcase path="/test/test_assert_nonnull" skipped="1"/>
    <duration>0.001773</duration>
  </testbinary>
</gtester>
